{"uuid":"14cda9b8-e6b1-4da4-b657-263fa6ce8e08","historyId":"76c2c2455840f0ad417d04c0cf5e7fba","testCaseId":"cc0002e3ec7900c9c471a1777d0e0d18","fullName":"src/test/resources/feature/hrms.feature:17","labels":[{"name":"tag","value":"hrms"},{"name":"tag","value":"login"},{"name":"tag","value":"negative"},{"name":"host","value":"Masixoles-MacBook-Air.local"},{"name":"thread","value":"24705@Masixoles-MacBook-Air.local.main(1)"},{"name":"feature","value":"HRMS Portal - Login validation and Employee management"},{"name":"story","value":"Login with empty password should show \"Required\""},{"name":"suite","value":"HRMS Portal - Login validation and Employee management"},{"name":"testClass","value":"Login with empty password should show \"Required\""},{"name":"framework","value":"cucumber4jvm"},{"name":"language","value":"java"},{"name":"gherkin_uri","value":"file:///Users/masixolekondile/IdeaProjects/My%20Assigmnents/cucumberProject/src/test/resources/feature/hrms.feature"},{"name":"package","value":"src.test.resources.feature.hrms_feature.HRMS Portal - Login validation and Employee management"}],"links":[],"name":"Login with empty password should show \"Required\"","status":"broken","statusDetails":{"known":false,"muted":false,"flaky":false,"message":"Session ID is null. Using WebDriver after calling quit()?\nBuild info: version: '4.11.0', revision: '040bc5406b'\nSystem info: os.name: 'Mac OS X', os.arch: 'aarch64', os.version: '15.6.1', java.version: '17.0.16'\nDriver info: org.openqa.selenium.chrome.ChromeDriver\nCommand: [null, get {url=http://54.198.61.50/web/index.php/auth/login}]\nCapabilities {acceptInsecureCerts: false, browserName: chrome, browserVersion: 145.0.7632.76, chrome: {chromedriverVersion: 145.0.7632.76 (ee36f024f43a..., userDataDir: /var/folders/40/lz0qdmfd717...}, fedcm:accounts: true, goog:chromeOptions: {debuggerAddress: localhost:53893}, goog:processID: 24707, networkConnectionEnabled: false, pageLoadStrategy: normal, platformName: mac, proxy: Proxy(), se:cdp: ws://localhost:53893/devtoo..., se:cdpVersion: 145.0.7632.76, setWindowRect: true, strictFileInteractability: false, timeouts: {implicit: 0, pageLoad: 300000, script: 30000}, unhandledPromptBehavior: dismiss and notify, webauthn:extension:credBlob: true, webauthn:extension:largeBlob: true, webauthn:extension:minPinLength: true, webauthn:extension:prf: true, webauthn:virtualAuthenticators: true}","trace":"org.openqa.selenium.NoSuchSessionException: Session ID is null. Using WebDriver after calling quit()?\nBuild info: version: '4.11.0', revision: '040bc5406b'\nSystem info: os.name: 'Mac OS X', os.arch: 'aarch64', os.version: '15.6.1', java.version: '17.0.16'\nDriver info: org.openqa.selenium.chrome.ChromeDriver\nCommand: [null, get {url=http://54.198.61.50/web/index.php/auth/login}]\nCapabilities {acceptInsecureCerts: false, browserName: chrome, browserVersion: 145.0.7632.76, chrome: {chromedriverVersion: 145.0.7632.76 (ee36f024f43a..., userDataDir: /var/folders/40/lz0qdmfd717...}, fedcm:accounts: true, goog:chromeOptions: {debuggerAddress: localhost:53893}, goog:processID: 24707, networkConnectionEnabled: false, pageLoadStrategy: normal, platformName: mac, proxy: Proxy(), se:cdp: ws://localhost:53893/devtoo..., se:cdpVersion: 145.0.7632.76, setWindowRect: true, strictFileInteractability: false, timeouts: {implicit: 0, pageLoad: 300000, script: 30000}, unhandledPromptBehavior: dismiss and notify, webauthn:extension:credBlob: true, webauthn:extension:largeBlob: true, webauthn:extension:minPinLength: true, webauthn:extension:prf: true, webauthn:virtualAuthenticators: true}\n\tat org.openqa.selenium.remote.HttpCommandExecutor.execute(HttpCommandExecutor.java:152)\n\tat org.openqa.selenium.remote.service.DriverCommandExecutor.invokeExecute(DriverCommandExecutor.java:196)\n\tat org.openqa.selenium.remote.service.DriverCommandExecutor.execute(DriverCommandExecutor.java:171)\n\tat org.openqa.selenium.remote.RemoteWebDriver.execute(RemoteWebDriver.java:518)\n\tat org.openqa.selenium.remote.RemoteWebDriver.get(RemoteWebDriver.java:300)\n\tat steps.HrmsSteps.i_open_the_hrms_login_page(HrmsSteps.java:42)\n\tat ✽.I open the HRMS login page(file:///Users/masixolekondile/IdeaProjects/My%20Assigmnents/cucumberProject/src/test/resources/feature/hrms.feature:18)\n"},"stage":"finished","steps":[{"name":"Given I open the HRMS login page","status":"broken","statusDetails":{"known":false,"muted":false,"flaky":false,"message":"Session ID is null. Using WebDriver after calling quit()?\nBuild info: version: '4.11.0', revision: '040bc5406b'\nSystem info: os.name: 'Mac OS X', os.arch: 'aarch64', os.version: '15.6.1', java.version: '17.0.16'\nDriver info: org.openqa.selenium.chrome.ChromeDriver\nCommand: [null, get {url=http://54.198.61.50/web/index.php/auth/login}]\nCapabilities {acceptInsecureCerts: false, browserName: chrome, browserVersion: 145.0.7632.76, chrome: {chromedriverVersion: 145.0.7632.76 (ee36f024f43a..., userDataDir: /var/folders/40/lz0qdmfd717...}, fedcm:accounts: true, goog:chromeOptions: {debuggerAddress: localhost:53893}, goog:processID: 24707, networkConnectionEnabled: false, pageLoadStrategy: normal, platformName: mac, proxy: Proxy(), se:cdp: ws://localhost:53893/devtoo..., se:cdpVersion: 145.0.7632.76, setWindowRect: true, strictFileInteractability: false, timeouts: {implicit: 0, pageLoad: 300000, script: 30000}, unhandledPromptBehavior: dismiss and notify, webauthn:extension:credBlob: true, webauthn:extension:largeBlob: true, webauthn:extension:minPinLength: true, webauthn:extension:prf: true, webauthn:virtualAuthenticators: true}","trace":"org.openqa.selenium.NoSuchSessionException: Session ID is null. Using WebDriver after calling quit()?\nBuild info: version: '4.11.0', revision: '040bc5406b'\nSystem info: os.name: 'Mac OS X', os.arch: 'aarch64', os.version: '15.6.1', java.version: '17.0.16'\nDriver info: org.openqa.selenium.chrome.ChromeDriver\nCommand: [null, get {url=http://54.198.61.50/web/index.php/auth/login}]\nCapabilities {acceptInsecureCerts: false, browserName: chrome, browserVersion: 145.0.7632.76, chrome: {chromedriverVersion: 145.0.7632.76 (ee36f024f43a..., userDataDir: /var/folders/40/lz0qdmfd717...}, fedcm:accounts: true, goog:chromeOptions: {debuggerAddress: localhost:53893}, goog:processID: 24707, networkConnectionEnabled: false, pageLoadStrategy: normal, platformName: mac, proxy: Proxy(), se:cdp: ws://localhost:53893/devtoo..., se:cdpVersion: 145.0.7632.76, setWindowRect: true, strictFileInteractability: false, timeouts: {implicit: 0, pageLoad: 300000, script: 30000}, unhandledPromptBehavior: dismiss and notify, webauthn:extension:credBlob: true, webauthn:extension:largeBlob: true, webauthn:extension:minPinLength: true, webauthn:extension:prf: true, webauthn:virtualAuthenticators: true}\n\tat org.openqa.selenium.remote.HttpCommandExecutor.execute(HttpCommandExecutor.java:152)\n\tat org.openqa.selenium.remote.service.DriverCommandExecutor.invokeExecute(DriverCommandExecutor.java:196)\n\tat org.openqa.selenium.remote.service.DriverCommandExecutor.execute(DriverCommandExecutor.java:171)\n\tat org.openqa.selenium.remote.RemoteWebDriver.execute(RemoteWebDriver.java:518)\n\tat org.openqa.selenium.remote.RemoteWebDriver.get(RemoteWebDriver.java:300)\n\tat steps.HrmsSteps.i_open_the_hrms_login_page(HrmsSteps.java:42)\n\tat ✽.I open the HRMS login page(file:///Users/masixolekondile/IdeaProjects/My%20Assigmnents/cucumberProject/src/test/resources/feature/hrms.feature:18)\n"},"stage":"finished","steps":[],"attachments":[],"parameters":[],"start":1771368755795,"stop":1771368755799},{"name":"When I enter username as \"anyUser\"","status":"skipped","statusDetails":{"known":false,"muted":false,"flaky":false},"stage":"finished","steps":[],"attachments":[],"parameters":[],"start":1771368755800,"stop":1771368755800},{"name":"And I clear the password field","status":"skipped","statusDetails":{"known":false,"muted":false,"flaky":false},"stage":"finished","steps":[],"attachments":[],"parameters":[],"start":1771368755800,"stop":1771368755800},{"name":"And I click the Login button","status":"skipped","statusDetails":{"known":false,"muted":false,"flaky":false},"stage":"finished","steps":[],"attachments":[],"parameters":[],"start":1771368755800,"stop":1771368755800},{"name":"Then I should see password field error message \"Required\"","status":"skipped","statusDetails":{"known":false,"muted":false,"flaky":false},"stage":"finished","steps":[],"attachments":[],"parameters":[],"start":1771368755800,"stop":1771368755800}],"attachments":[],"parameters":[],"start":1771368755794,"stop":1771368755802}