{"uuid":"3407c903-b44a-4917-b16c-d8538212fe07","historyId":"12c461e8dcd0cff74810c613ba102fc2","testCaseId":"12131d877319463e6459374e2a79456d","fullName":"src/test/resources/feature/hrms.feature:87","labels":[{"name":"tag","value":"hrms"},{"name":"tag","value":"employee"},{"name":"tag","value":"negative"},{"name":"host","value":"Masixoles-MacBook-Air.local"},{"name":"thread","value":"25418@Masixoles-MacBook-Air.local.main(1)"},{"name":"feature","value":"HRMS Portal - Login validation and Employee management"},{"name":"story","value":"Add employee should show validation messages for missing required fields"},{"name":"suite","value":"HRMS Portal - Login validation and Employee management"},{"name":"testClass","value":"Add employee should show validation messages for missing required fields"},{"name":"framework","value":"cucumber4jvm"},{"name":"language","value":"java"},{"name":"gherkin_uri","value":"file:///Users/masixolekondile/IdeaProjects/My%20Assigmnents/cucumberProject/src/test/resources/feature/hrms.feature"},{"name":"package","value":"src.test.resources.feature.hrms_feature.HRMS Portal - Login validation and Employee management"}],"links":[],"name":"Add employee should show validation messages for missing required fields","status":"broken","statusDetails":{"known":false,"muted":false,"flaky":false,"message":"Expected condition failed: waiting for visibility of element located by By.xpath: //a[contains(@class,'oxd-topbar-body-nav-tab-item') and (@aria-selected='true' or contains(@class,'--active'))] (tried for 60 second(s) with 500 milliseconds interval)\nBuild info: version: '4.11.0', revision: '040bc5406b'\nSystem info: os.name: 'Mac OS X', os.arch: 'aarch64', os.version: '15.6.1', java.version: '17.0.16'\nDriver info: org.openqa.selenium.chrome.ChromeDriver\nCapabilities {acceptInsecureCerts: false, browserName: chrome, browserVersion: 145.0.7632.76, chrome: {chromedriverVersion: 145.0.7632.76 (ee36f024f43a..., userDataDir: /var/folders/40/lz0qdmfd717...}, fedcm:accounts: true, goog:chromeOptions: {debuggerAddress: localhost:62465}, goog:processID: 25713, networkConnectionEnabled: false, pageLoadStrategy: normal, platformName: mac, proxy: Proxy(), se:cdp: ws://localhost:62465/devtoo..., se:cdpVersion: 145.0.7632.76, setWindowRect: true, strictFileInteractability: false, timeouts: {implicit: 0, pageLoad: 300000, script: 30000}, unhandledPromptBehavior: dismiss and notify, webauthn:extension:credBlob: true, webauthn:extension:largeBlob: true, webauthn:extension:minPinLength: true, webauthn:extension:prf: true, webauthn:virtualAuthenticators: true}\nSession ID: de8bbe1647a7a6dacd795b072cf1e9b3","trace":"org.openqa.selenium.TimeoutException: Expected condition failed: waiting for visibility of element located by By.xpath: //a[contains(@class,'oxd-topbar-body-nav-tab-item') and (@aria-selected='true' or contains(@class,'--active'))] (tried for 60 second(s) with 500 milliseconds interval)\nBuild info: version: '4.11.0', revision: '040bc5406b'\nSystem info: os.name: 'Mac OS X', os.arch: 'aarch64', os.version: '15.6.1', java.version: '17.0.16'\nDriver info: org.openqa.selenium.chrome.ChromeDriver\nCapabilities {acceptInsecureCerts: false, browserName: chrome, browserVersion: 145.0.7632.76, chrome: {chromedriverVersion: 145.0.7632.76 (ee36f024f43a..., userDataDir: /var/folders/40/lz0qdmfd717...}, fedcm:accounts: true, goog:chromeOptions: {debuggerAddress: localhost:62465}, goog:processID: 25713, networkConnectionEnabled: false, pageLoadStrategy: normal, platformName: mac, proxy: Proxy(), se:cdp: ws://localhost:62465/devtoo..., se:cdpVersion: 145.0.7632.76, setWindowRect: true, strictFileInteractability: false, timeouts: {implicit: 0, pageLoad: 300000, script: 30000}, unhandledPromptBehavior: dismiss and notify, webauthn:extension:credBlob: true, webauthn:extension:largeBlob: true, webauthn:extension:minPinLength: true, webauthn:extension:prf: true, webauthn:virtualAuthenticators: true}\nSession ID: de8bbe1647a7a6dacd795b072cf1e9b3\n\tat org.openqa.selenium.support.ui.WebDriverWait.timeoutException(WebDriverWait.java:84)\n\tat org.openqa.selenium.support.ui.FluentWait.until(FluentWait.java:230)\n\tat utils.Waits.visible(Waits.java:20)\n\tat pages.PIMPage.getActiveTopTabText(PIMPage.java:26)\n\tat pages.PIMPage.isOnAddEmployeeTab(PIMPage.java:30)\n\tat steps.HrmsSteps.i_open_add_employee_page(HrmsSteps.java:94)\n\tat ✽.I open Add Employee page(file:///Users/masixolekondile/IdeaProjects/My%20Assigmnents/cucumberProject/src/test/resources/feature/hrms.feature:81)\n"},"stage":"finished","steps":[{"name":"Given I open the HRMS login page","status":"passed","statusDetails":{"known":false,"muted":false,"flaky":false},"stage":"finished","steps":[],"attachments":[],"parameters":[],"start":1771370548922,"stop":1771370564831},{"name":"When I login with valid admin credentials","status":"passed","statusDetails":{"known":false,"muted":false,"flaky":false},"stage":"finished","steps":[],"attachments":[],"parameters":[],"start":1771370564833,"stop":1771370565038},{"name":"And I navigate to PIM module","status":"passed","statusDetails":{"known":false,"muted":false,"flaky":false},"stage":"finished","steps":[],"attachments":[],"parameters":[],"start":1771370565039,"stop":1771370570089},{"name":"And I open Add Employee page","status":"broken","statusDetails":{"known":false,"muted":false,"flaky":false,"message":"Expected condition failed: waiting for visibility of element located by By.xpath: //a[contains(@class,'oxd-topbar-body-nav-tab-item') and (@aria-selected='true' or contains(@class,'--active'))] (tried for 60 second(s) with 500 milliseconds interval)\nBuild info: version: '4.11.0', revision: '040bc5406b'\nSystem info: os.name: 'Mac OS X', os.arch: 'aarch64', os.version: '15.6.1', java.version: '17.0.16'\nDriver info: org.openqa.selenium.chrome.ChromeDriver\nCapabilities {acceptInsecureCerts: false, browserName: chrome, browserVersion: 145.0.7632.76, chrome: {chromedriverVersion: 145.0.7632.76 (ee36f024f43a..., userDataDir: /var/folders/40/lz0qdmfd717...}, fedcm:accounts: true, goog:chromeOptions: {debuggerAddress: localhost:62465}, goog:processID: 25713, networkConnectionEnabled: false, pageLoadStrategy: normal, platformName: mac, proxy: Proxy(), se:cdp: ws://localhost:62465/devtoo..., se:cdpVersion: 145.0.7632.76, setWindowRect: true, strictFileInteractability: false, timeouts: {implicit: 0, pageLoad: 300000, script: 30000}, unhandledPromptBehavior: dismiss and notify, webauthn:extension:credBlob: true, webauthn:extension:largeBlob: true, webauthn:extension:minPinLength: true, webauthn:extension:prf: true, webauthn:virtualAuthenticators: true}\nSession ID: de8bbe1647a7a6dacd795b072cf1e9b3","trace":"org.openqa.selenium.TimeoutException: Expected condition failed: waiting for visibility of element located by By.xpath: //a[contains(@class,'oxd-topbar-body-nav-tab-item') and (@aria-selected='true' or contains(@class,'--active'))] (tried for 60 second(s) with 500 milliseconds interval)\nBuild info: version: '4.11.0', revision: '040bc5406b'\nSystem info: os.name: 'Mac OS X', os.arch: 'aarch64', os.version: '15.6.1', java.version: '17.0.16'\nDriver info: org.openqa.selenium.chrome.ChromeDriver\nCapabilities {acceptInsecureCerts: false, browserName: chrome, browserVersion: 145.0.7632.76, chrome: {chromedriverVersion: 145.0.7632.76 (ee36f024f43a..., userDataDir: /var/folders/40/lz0qdmfd717...}, fedcm:accounts: true, goog:chromeOptions: {debuggerAddress: localhost:62465}, goog:processID: 25713, networkConnectionEnabled: false, pageLoadStrategy: normal, platformName: mac, proxy: Proxy(), se:cdp: ws://localhost:62465/devtoo..., se:cdpVersion: 145.0.7632.76, setWindowRect: true, strictFileInteractability: false, timeouts: {implicit: 0, pageLoad: 300000, script: 30000}, unhandledPromptBehavior: dismiss and notify, webauthn:extension:credBlob: true, webauthn:extension:largeBlob: true, webauthn:extension:minPinLength: true, webauthn:extension:prf: true, webauthn:virtualAuthenticators: true}\nSession ID: de8bbe1647a7a6dacd795b072cf1e9b3\n\tat org.openqa.selenium.support.ui.WebDriverWait.timeoutException(WebDriverWait.java:84)\n\tat org.openqa.selenium.support.ui.FluentWait.until(FluentWait.java:230)\n\tat utils.Waits.visible(Waits.java:20)\n\tat pages.PIMPage.getActiveTopTabText(PIMPage.java:26)\n\tat pages.PIMPage.isOnAddEmployeeTab(PIMPage.java:30)\n\tat steps.HrmsSteps.i_open_add_employee_page(HrmsSteps.java:94)\n\tat ✽.I open Add Employee page(file:///Users/masixolekondile/IdeaProjects/My%20Assigmnents/cucumberProject/src/test/resources/feature/hrms.feature:81)\n"},"stage":"finished","steps":[],"attachments":[],"parameters":[],"start":1771370570090,"stop":1771370631744},{"name":"And I attempt to save employee with first name \"\" and last name \"Smith\"","status":"skipped","statusDetails":{"known":false,"muted":false,"flaky":false},"stage":"finished","steps":[],"attachments":[],"parameters":[],"start":1771370631746,"stop":1771370631746},{"name":"Then I should see add employee validation message \"Required\"","status":"skipped","statusDetails":{"known":false,"muted":false,"flaky":false},"stage":"finished","steps":[],"attachments":[],"parameters":[],"start":1771370631747,"stop":1771370631747}],"attachments":[],"parameters":[{"name":"firstName","value":""},{"name":"lastName","value":"Smith"},{"name":"expectedMessage","value":"Required"}],"start":1771370548056,"stop":1771370632017}